#
# There is insufficient memory for the Java Runtime Environment to continue.
# Native memory allocation (malloc) failed to allocate 1311616 bytes for Chunk::new
# Possible reasons:
#   The system is out of physical RAM or swap space
#   The process is running with CompressedOops enabled, and the Java Heap may be blocking the growth of the native heap
# Possible solutions:
#   Reduce memory load on the system
#   Increase physical memory or swap space
#   Check if swap backing store is full
#   Decrease Java heap size (-Xmx/-Xms)
#   Decrease number of Java threads
#   Decrease Java thread stack sizes (-Xss)
#   Set larger code cache with -XX:ReservedCodeCacheSize=
#   JVM is running with Unscaled Compressed Oops mode in which the Java heap is
#     placed in the first 4GB address space. The Java Heap base address is the
#     maximum limit for the native heap growth. Please use -XX:HeapBaseMinAddress
#     to set the Java Heap base and to place the Java Heap above 4GB virtual address.
# This output file may be truncated or incomplete.
#
#  Out of Memory Error (./src/hotspot/share/memory/arena.cpp:197), pid=7964, tid=8484
#
# JRE version: OpenJDK Runtime Environment (11.0.11+9) (build 11.0.11+9-b60-7590822)
# Java VM: OpenJDK 64-Bit Server VM (11.0.11+9-b60-7590822, mixed mode, tiered, compressed oops, g1 gc, windows-amd64)
# No core dump will be written. Minidumps are not enabled by default on client versions of Windows
#

---------------  S U M M A R Y ------------

Command Line: --add-opens=java.base/java.util=ALL-UNNAMED --add-opens=java.base/java.lang=ALL-UNNAMED --add-opens=java.base/java.lang.invoke=ALL-UNNAMED --add-opens=java.prefs/java.util.prefs=ALL-UNNAMED -Xmx1536M -Dfile.encoding=windows-1252 -Duser.country=US -Duser.language=en -Duser.variant org.gradle.launcher.daemon.bootstrap.GradleDaemon 6.1.1

Host: Intel(R) Core(TM) i5-6300U CPU @ 2.40GHz, 4 cores, 7G,  Windows 10 , 64 bit Build 19041 (10.0.19041.1566)
Time: Tue Mar 29 22:43:25 2022 Pakistan Standard Time elapsed time: 41.790580 seconds (0d 0h 0m 41s)

---------------  T H R E A D  ---------------

Current thread (0x000001ebc6a80800):  JavaThread "C2 CompilerThread0" daemon [_thread_in_native, id=8484, stack(0x000000dd38300000,0x000000dd38400000)]


Current CompileTask:
C2:  41790 5932       4       java.beans.Introspector::addMethod (196 bytes)

Stack: [0x000000dd38300000,0x000000dd38400000]
Native frames: (J=compiled Java code, j=interpreted, Vv=VM code, C=native code)
V  [jvm.dll+0x5f214a]
V  [jvm.dll+0x726fb5]
V  [jvm.dll+0x7285cd]
V  [jvm.dll+0x728c83]
V  [jvm.dll+0x243278]
V  [jvm.dll+0xbc53c]
V  [jvm.dll+0xbca3c]
V  [jvm.dll+0x2b5c34]
V  [jvm.dll+0x508488]
V  [jvm.dll+0x203d53]
V  [jvm.dll+0x1fdbac]
V  [jvm.dll+0x1fb35f]
V  [jvm.dll+0x183d6c]
V  [jvm.dll+0x209a57]
V  [jvm.dll+0x2082a1]
V  [jvm.dll+0x6ef58f]
V  [jvm.dll+0x6e80b5]
V  [jvm.dll+0x5f1036]
C  [ucrtbase.dll+0x21bb2]
C  [KERNEL32.DLL+0x17034]
C  [ntdll.dll+0x52651]


---------------  P R O C E S S  ---------------

Threads class SMR info:
_java_thread_list=0x000001ebcd5ffa90, length=34, elements={
0x000001ebac1fd000, 0x000001ebc6a59000, 0x000001ebc6a5a000, 0x000001ebc6a79800,
0x000001ebc6a7a000, 0x000001ebc6a7b000, 0x000001ebc6a80800, 0x000001ebc6a81800,
0x000001ebc6aad800, 0x000001ebc7544000, 0x000001ebc8cb2000, 0x000001ebc82d4000,
0x000001ebc877b800, 0x000001ebc8c45000, 0x000001ebc875b000, 0x000001ebc7c6b000,
0x000001ebc77a7000, 0x000001ebc80a5000, 0x000001ebc80a5800, 0x000001ebc808e000,
0x000001ebc808c800, 0x000001ebc808a000, 0x000001ebc8088800, 0x000001ebc808b800,
0x000001ebc808f000, 0x000001ebc808b000, 0x000001ebc808d800, 0x000001ebc8089000,
0x000001ebcadad000, 0x000001ebcadaf800, 0x000001ebcadb0000, 0x000001ebcadad800,
0x000001ebcadae800, 0x000001ebcadac000
}

Java Threads: ( => current thread )
  0x000001ebac1fd000 JavaThread "main" [_thread_blocked, id=6500, stack(0x000000dd37700000,0x000000dd37800000)]
  0x000001ebc6a59000 JavaThread "Reference Handler" daemon [_thread_blocked, id=6568, stack(0x000000dd37e00000,0x000000dd37f00000)]
  0x000001ebc6a5a000 JavaThread "Finalizer" daemon [_thread_blocked, id=5968, stack(0x000000dd37f00000,0x000000dd38000000)]
  0x000001ebc6a79800 JavaThread "Signal Dispatcher" daemon [_thread_blocked, id=2236, stack(0x000000dd38000000,0x000000dd38100000)]
  0x000001ebc6a7a000 JavaThread "Attach Listener" daemon [_thread_blocked, id=8060, stack(0x000000dd38100000,0x000000dd38200000)]
  0x000001ebc6a7b000 JavaThread "Service Thread" daemon [_thread_blocked, id=12432, stack(0x000000dd38200000,0x000000dd38300000)]
=>0x000001ebc6a80800 JavaThread "C2 CompilerThread0" daemon [_thread_in_native, id=8484, stack(0x000000dd38300000,0x000000dd38400000)]
  0x000001ebc6a81800 JavaThread "C1 CompilerThread0" daemon [_thread_blocked, id=11936, stack(0x000000dd38400000,0x000000dd38500000)]
  0x000001ebc6aad800 JavaThread "Sweeper thread" daemon [_thread_blocked, id=13296, stack(0x000000dd38500000,0x000000dd38600000)]
  0x000001ebc7544000 JavaThread "Common-Cleaner" daemon [_thread_blocked, id=10816, stack(0x000000dd38600000,0x000000dd38700000)]
  0x000001ebc8cb2000 JavaThread "Daemon health stats" [_thread_blocked, id=7800, stack(0x000000dd38a00000,0x000000dd38b00000)]
  0x000001ebc82d4000 JavaThread "Incoming local TCP Connector on port 60033" [_thread_in_native, id=10384, stack(0x000000dd38b00000,0x000000dd38c00000)]
  0x000001ebc877b800 JavaThread "Daemon periodic checks" [_thread_blocked, id=8564, stack(0x000000dd38c00000,0x000000dd38d00000)]
  0x000001ebc8c45000 JavaThread "Daemon" [_thread_blocked, id=6876, stack(0x000000dd38d00000,0x000000dd38e00000)]
  0x000001ebc875b000 JavaThread "Handler for socket connection from /127.0.0.1:60033 to /127.0.0.1:60034" [_thread_in_native, id=12284, stack(0x000000dd38e00000,0x000000dd38f00000)]
  0x000001ebc7c6b000 JavaThread "Cancel handler" [_thread_blocked, id=5124, stack(0x000000dd38f00000,0x000000dd39000000)]
  0x000001ebc77a7000 JavaThread "Daemon worker" [_thread_in_vm, id=9180, stack(0x000000dd39000000,0x000000dd39100000)]
  0x000001ebc80a5000 JavaThread "Asynchronous log dispatcher for DefaultDaemonConnection: socket connection from /127.0.0.1:60033 to /127.0.0.1:60034" [_thread_blocked, id=1516, stack(0x000000dd39100000,0x000000dd39200000)]
  0x000001ebc80a5800 JavaThread "Stdin handler" [_thread_blocked, id=3036, stack(0x000000dd39200000,0x000000dd39300000)]
  0x000001ebc808e000 JavaThread "Thread-8" [_thread_blocked, id=11656, stack(0x000000dd39300000,0x000000dd39400000)]
  0x000001ebc808c800 JavaThread "Cache worker for journal cache (C:\Users\HP\.gradle\caches\journal-1)" [_thread_blocked, id=2880, stack(0x000000dd39400000,0x000000dd39500000)]
  0x000001ebc808a000 JavaThread "File lock request listener" [_thread_in_native, id=9680, stack(0x000000dd39500000,0x000000dd39600000)]
  0x000001ebc8088800 JavaThread "Cache worker for file hash cache (C:\Users\HP\.gradle\caches\6.1.1\fileHashes)" [_thread_blocked, id=4492, stack(0x000000dd39600000,0x000000dd39700000)]
  0x000001ebc808b800 JavaThread "Cache worker for checksums cache (C:\Proj\ITA-PLF\android\.gradle\checksums)" [_thread_blocked, id=6076, stack(0x000000dd39800000,0x000000dd39900000)]
  0x000001ebc808f000 JavaThread "Cache worker for file hash cache (C:\Proj\ITA-PLF\android\.gradle\6.1.1\fileHashes)" [_thread_blocked, id=7944, stack(0x000000dd39900000,0x000000dd39a00000)]
  0x000001ebc808b000 JavaThread "Cache worker for cache directory md-supplier (C:\Users\HP\.gradle\caches\6.1.1\md-supplier)" [_thread_blocked, id=808, stack(0x000000dd39a00000,0x000000dd39b00000)]
  0x000001ebc808d800 JavaThread "Cache worker for cache directory md-rule (C:\Users\HP\.gradle\caches\6.1.1\md-rule)" [_thread_blocked, id=9392, stack(0x000000dd39b00000,0x000000dd39c00000)]
  0x000001ebc8089000 JavaThread "Cache worker for execution history cache (C:\Users\HP\.gradle\caches\6.1.1\executionHistory)" [_thread_blocked, id=5336, stack(0x000000dd39c00000,0x000000dd39d00000)]
  0x000001ebcadad000 JavaThread "Build operations" [_thread_blocked, id=6024, stack(0x000000dd39d00000,0x000000dd39e00000)]
  0x000001ebcadaf800 JavaThread "Build operations Thread 2" [_thread_blocked, id=9732, stack(0x000000dd39e00000,0x000000dd39f00000)]
  0x000001ebcadb0000 JavaThread "Build operations Thread 3" [_thread_blocked, id=10792, stack(0x000000dd39f00000,0x000000dd3a000000)]
  0x000001ebcadad800 JavaThread "Build operations Thread 4" [_thread_blocked, id=12960, stack(0x000000dd3a000000,0x000000dd3a100000)]
  0x000001ebcadae800 JavaThread "Cache worker for Build Output Cleanup Cache (C:\Proj\ITA-PLF\android\.gradle\buildOutputCleanup)" [_thread_blocked, id=708, stack(0x000000dd3a100000,0x000000dd3a200000)]
  0x000001ebcadac000 JavaThread "build event listener" [_thread_blocked, id=2844, stack(0x000000dd3a200000,0x000000dd3a300000)]

Other Threads:
  0x000001ebc6a34000 VMThread "VM Thread" [stack: 0x000000dd37d00000,0x000000dd37e00000] [id=7336]
  0x000001ebc7570800 WatcherThread [stack: 0x000000dd38700000,0x000000dd38800000] [id=8096]
  0x000001ebac215800 GCTaskThread "GC Thread#0" [stack: 0x000000dd37800000,0x000000dd37900000] [id=8024]
  0x000001ebc7c2f000 GCTaskThread "GC Thread#1" [stack: 0x000000dd38800000,0x000000dd38900000] [id=11568]
  0x000001ebc7c12800 GCTaskThread "GC Thread#2" [stack: 0x000000dd38900000,0x000000dd38a00000] [id=3656]
  0x000001ebc7726800 GCTaskThread "GC Thread#3" [stack: 0x000000dd39700000,0x000000dd39800000] [id=3784]
  0x000001ebac23b800 ConcurrentGCThread "G1 Main Marker" [stack: 0x000000dd37900000,0x000000dd37a00000] [id=12536]
  0x000001ebac23c800 ConcurrentGCThread "G1 Conc#0" [stack: 0x000000dd37a00000,0x000000dd37b00000] [id=12560]
  0x000001ebac2cb000 ConcurrentGCThread "G1 Refine#0" [stack: 0x000000dd37b00000,0x000000dd37c00000] [id=9144]
  0x000001ebac2cc000 ConcurrentGCThread "G1 Young RemSet Sampling" [stack: 0x000000dd37c00000,0x000000dd37d00000] [id=2752]

Threads with active compile tasks:
C2 CompilerThread0  41876 5932       4       java.beans.Introspector::addMethod (196 bytes)

VM state:not at safepoint (normal execution)

VM Mutex/Monitor currently owned by a thread: None

Heap address: 0x00000000a0000000, size: 1536 MB, Compressed Oops mode: 32-bit
Narrow klass base: 0x0000000000000000, Narrow klass shift: 3
Compressed class space size: 1073741824 Address: 0x0000000100000000

Heap:
 garbage-first heap   total 131072K, used 88796K [0x00000000a0000000, 0x0000000100000000)
  region size 1024K, 45 young (46080K), 4 survivors (4096K)
 Metaspace       used 59887K, capacity 61141K, committed 61264K, reserved 1101824K
  class space    used 7503K, capacity 7956K, committed 8064K, reserved 1048576K
Heap Regions: E=young(eden), S=young(survivor), O=old, HS=humongous(starts), HC=humongous(continues), CS=collection set, F=free, A=archive, TAMS=top-at-mark-start (previous, next)
|   0|0x00000000a0000000, 0x00000000a0100000, 0x00000000a0100000|100%| O|  |TAMS 0x00000000a0100000, 0x00000000a0000000| Untracked 
|   1|0x00000000a0100000, 0x00000000a0200000, 0x00000000a0200000|100%| O|  |TAMS 0x00000000a0200000, 0x00000000a0100000| Untracked 
|   2|0x00000000a0200000, 0x00000000a0300000, 0x00000000a0300000|100%| O|  |TAMS 0x00000000a0300000, 0x00000000a0200000| Untracked 
|   3|0x00000000a0300000, 0x00000000a0400000, 0x00000000a0400000|100%|HS|  |TAMS 0x00000000a0400000, 0x00000000a0300000| Complete 
|   4|0x00000000a0400000, 0x00000000a0500000, 0x00000000a0500000|100%|HC|  |TAMS 0x00000000a0500000, 0x00000000a0400000| Complete 
|   5|0x00000000a0500000, 0x00000000a0600000, 0x00000000a0600000|100%|HC|  |TAMS 0x00000000a0600000, 0x00000000a0500000| Complete 
|   6|0x00000000a0600000, 0x00000000a0700000, 0x00000000a0700000|100%| O|  |TAMS 0x00000000a0700000, 0x00000000a0600000| Untracked 
|   7|0x00000000a0700000, 0x00000000a0800000, 0x00000000a0800000|100%| O|  |TAMS 0x00000000a0800000, 0x00000000a0700000| Untracked 
|   8|0x00000000a0800000, 0x00000000a0900000, 0x00000000a0900000|100%| O|  |TAMS 0x00000000a0900000, 0x00000000a0800000| Untracked 
|   9|0x00000000a0900000, 0x00000000a0a00000, 0x00000000a0a00000|100%| O|  |TAMS 0x00000000a0a00000, 0x00000000a0900000| Untracked 
|  10|0x00000000a0a00000, 0x00000000a0b00000, 0x00000000a0b00000|100%| O|  |TAMS 0x00000000a0b00000, 0x00000000a0a00000| Untracked 
|  11|0x00000000a0b00000, 0x00000000a0c00000, 0x00000000a0c00000|100%| O|  |TAMS 0x00000000a0c00000, 0x00000000a0b00000| Untracked 
|  12|0x00000000a0c00000, 0x00000000a0d00000, 0x00000000a0d00000|100%| O|  |TAMS 0x00000000a0d00000, 0x00000000a0c00000| Untracked 
|  13|0x00000000a0d00000, 0x00000000a0e00000, 0x00000000a0e00000|100%| O|  |TAMS 0x00000000a0e00000, 0x00000000a0d00000| Untracked 
|  14|0x00000000a0e00000, 0x00000000a0f00000, 0x00000000a0f00000|100%| O|  |TAMS 0x00000000a0f00000, 0x00000000a0e00000| Untracked 
|  15|0x00000000a0f00000, 0x00000000a1000000, 0x00000000a1000000|100%| O|  |TAMS 0x00000000a1000000, 0x00000000a0f00000| Untracked 
|  16|0x00000000a1000000, 0x00000000a1100000, 0x00000000a1100000|100%| O|  |TAMS 0x00000000a1100000, 0x00000000a1000000| Untracked 
|  17|0x00000000a1100000, 0x00000000a1200000, 0x00000000a1200000|100%| O|  |TAMS 0x00000000a1200000, 0x00000000a1100000| Untracked 
|  18|0x00000000a1200000, 0x00000000a1300000, 0x00000000a1300000|100%|HS|  |TAMS 0x00000000a1300000, 0x00000000a1200000| Complete 
|  19|0x00000000a1300000, 0x00000000a1400000, 0x00000000a1400000|100%|HS|  |TAMS 0x00000000a1400000, 0x00000000a1300000| Complete 
|  20|0x00000000a1400000, 0x00000000a1500000, 0x00000000a1500000|100%|HC|  |TAMS 0x00000000a1500000, 0x00000000a1400000| Complete 
|  21|0x00000000a1500000, 0x00000000a1600000, 0x00000000a1600000|100%|HC|  |TAMS 0x00000000a1600000, 0x00000000a1500000| Complete 
|  22|0x00000000a1600000, 0x00000000a1700000, 0x00000000a1700000|100%|HS|  |TAMS 0x00000000a1700000, 0x00000000a1600000| Complete 
|  23|0x00000000a1700000, 0x00000000a1800000, 0x00000000a1800000|100%|HC|  |TAMS 0x00000000a1800000, 0x00000000a1700000| Complete 
|  24|0x00000000a1800000, 0x00000000a1900000, 0x00000000a1900000|100%| O|  |TAMS 0x00000000a1900000, 0x00000000a1800000| Untracked 
|  25|0x00000000a1900000, 0x00000000a1a00000, 0x00000000a1a00000|100%| O|  |TAMS 0x00000000a1a00000, 0x00000000a1900000| Untracked 
|  26|0x00000000a1a00000, 0x00000000a1b00000, 0x00000000a1b00000|100%| O|  |TAMS 0x00000000a1b00000, 0x00000000a1a00000| Untracked 
|  27|0x00000000a1b00000, 0x00000000a1c00000, 0x00000000a1c00000|100%| O|  |TAMS 0x00000000a1c00000, 0x00000000a1b00000| Untracked 
|  28|0x00000000a1c00000, 0x00000000a1d00000, 0x00000000a1d00000|100%| O|  |TAMS 0x00000000a1d00000, 0x00000000a1c00000| Untracked 
|  29|0x00000000a1d00000, 0x00000000a1e00000, 0x00000000a1e00000|100%| O|  |TAMS 0x00000000a1e00000, 0x00000000a1d00000| Untracked 
|  30|0x00000000a1e00000, 0x00000000a1f00000, 0x00000000a1f00000|100%| O|  |TAMS 0x00000000a1f00000, 0x00000000a1e00000| Untracked 
|  31|0x00000000a1f00000, 0x00000000a2000000, 0x00000000a2000000|100%| O|  |TAMS 0x00000000a2000000, 0x00000000a1f00000| Untracked 
|  32|0x00000000a2000000, 0x00000000a2100000, 0x00000000a2100000|100%| O|  |TAMS 0x00000000a2100000, 0x00000000a2000000| Untracked 
|  33|0x00000000a2100000, 0x00000000a2200000, 0x00000000a2200000|100%| O|  |TAMS 0x00000000a2200000, 0x00000000a2100000| Untracked 
|  34|0x00000000a2200000, 0x00000000a2300000, 0x00000000a2300000|100%| O|  |TAMS 0x00000000a2300000, 0x00000000a2200000| Untracked 
|  35|0x00000000a2300000, 0x00000000a2400000, 0x00000000a2400000|100%| O|  |TAMS 0x00000000a2400000, 0x00000000a2300000| Untracked 
|  36|0x00000000a2400000, 0x00000000a2500000, 0x00000000a2500000|100%| O|  |TAMS 0x00000000a2500000, 0x00000000a2400000| Untracked 
|  37|0x00000000a2500000, 0x00000000a2600000, 0x00000000a2600000|100%| O|  |TAMS 0x00000000a2600000, 0x00000000a2500000| Untracked 
|  38|0x00000000a2600000, 0x00000000a2700000, 0x00000000a2700000|100%| O|  |TAMS 0x00000000a2700000, 0x00000000a2600000| Untracked 
|  39|0x00000000a2700000, 0x00000000a2800000, 0x00000000a2800000|100%| O|  |TAMS 0x00000000a2800000, 0x00000000a2700000| Untracked 
|  40|0x00000000a2800000, 0x00000000a2900000, 0x00000000a2900000|100%| O|  |TAMS 0x00000000a2900000, 0x00000000a2800000| Untracked 
|  41|0x00000000a2900000, 0x00000000a2a00000, 0x00000000a2a00000|100%| O|  |TAMS 0x00000000a2a00000, 0x00000000a2900000| Untracked 
|  42|0x00000000a2a00000, 0x00000000a2a22800, 0x00000000a2b00000| 13%| O|  |TAMS 0x00000000a2a22800, 0x00000000a2a00000| Untracked 
|  43|0x00000000a2b00000, 0x00000000a2c00000, 0x00000000a2c00000|100%|HS|  |TAMS 0x00000000a2b00000, 0x00000000a2b00000| Complete 
|  44|0x00000000a2c00000, 0x00000000a2c00000, 0x00000000a2d00000|  0%| F|  |TAMS 0x00000000a2c00000, 0x00000000a2c00000| Untracked 
|  45|0x00000000a2d00000, 0x00000000a2d00000, 0x00000000a2e00000|  0%| F|  |TAMS 0x00000000a2d00000, 0x00000000a2d00000| Untracked 
|  46|0x00000000a2e00000, 0x00000000a2e00000, 0x00000000a2f00000|  0%| F|  |TAMS 0x00000000a2e00000, 0x00000000a2e00000| Untracked 
|  47|0x00000000a2f00000, 0x00000000a2f00000, 0x00000000a3000000|  0%| F|  |TAMS 0x00000000a2f00000, 0x00000000a2f00000| Untracked 
|  48|0x00000000a3000000, 0x00000000a3000000, 0x00000000a3100000|  0%| F|  |TAMS 0x00000000a3000000, 0x00000000a3000000| Untracked 
|  49|0x00000000a3100000, 0x00000000a3100000, 0x00000000a3200000|  0%| F|  |TAMS 0x00000000a3100000, 0x00000000a3100000| Untracked 
|  50|0x00000000a3200000, 0x00000000a3200000, 0x00000000a3300000|  0%| F|  |TAMS 0x00000000a3200000, 0x00000000a3200000| Untracked 
|  51|0x00000000a3300000, 0x00000000a3300000, 0x00000000a3400000|  0%| F|  |TAMS 0x00000000a3300000, 0x00000000a3300000| Untracked 
|  52|0x00000000a3400000, 0x00000000a3400000, 0x00000000a3500000|  0%| F|  |TAMS 0x00000000a3400000, 0x00000000a3400000| Untracked 
|  53|0x00000000a3500000, 0x00000000a3500000, 0x00000000a3600000|  0%| F|  |TAMS 0x00000000a3500000, 0x00000000a3500000| Untracked 
|  54|0x00000000a3600000, 0x00000000a3600000, 0x00000000a3700000|  0%| F|  |TAMS 0x00000000a3600000, 0x00000000a3600000| Untracked 
|  55|0x00000000a3700000, 0x00000000a3700000, 0x00000000a3800000|  0%| F|  |TAMS 0x00000000a3700000, 0x00000000a3700000| Untracked 
|  56|0x00000000a3800000, 0x00000000a3800000, 0x00000000a3900000|  0%| F|  |TAMS 0x00000000a3800000, 0x00000000a3800000| Untracked 
|  57|0x00000000a3900000, 0x00000000a3900000, 0x00000000a3a00000|  0%| F|  |TAMS 0x00000000a3900000, 0x00000000a3900000| Untracked 
|  58|0x00000000a3a00000, 0x00000000a3a00000, 0x00000000a3b00000|  0%| F|  |TAMS 0x00000000a3a00000, 0x00000000a3a00000| Untracked 
|  59|0x00000000a3b00000, 0x00000000a3b00000, 0x00000000a3c00000|  0%| F|  |TAMS 0x00000000a3b00000, 0x00000000a3b00000| Untracked 
|  60|0x00000000a3c00000, 0x00000000a3c00000, 0x00000000a3d00000|  0%| F|  |TAMS 0x00000000a3c00000, 0x00000000a3c00000| Untracked 
|  61|0x00000000a3d00000, 0x00000000a3d00000, 0x00000000a3e00000|  0%| F|  |TAMS 0x00000000a3d00000, 0x00000000a3d00000| Untracked 
|  62|0x00000000a3e00000, 0x00000000a3e00000, 0x00000000a3f00000|  0%| F|  |TAMS 0x00000000a3e00000, 0x00000000a3e00000| Untracked 
|  63|0x00000000a3f00000, 0x00000000a3f00000, 0x00000000a4000000|  0%| F|  |TAMS 0x00000000a3f00000, 0x00000000a3f00000| Untracked 
|  64|0x00000000a4000000, 0x00000000a4000000, 0x00000000a4100000|  0%| F|  |TAMS 0x00000000a4000000, 0x00000000a4000000| Untracked 
|  65|0x00000000a4100000, 0x00000000a4100000, 0x00000000a4200000|  0%| F|  |TAMS 0x00000000a4100000, 0x00000000a4100000| Untracked 
|  66|0x00000000a4200000, 0x00000000a4200000, 0x00000000a4300000|  0%| F|  |TAMS 0x00000000a4200000, 0x00000000a4200000| Untracked 
|  67|0x00000000a4300000, 0x00000000a4300000, 0x00000000a4400000|  0%| F|  |TAMS 0x00000000a4300000, 0x00000000a4300000| Untracked 
|  68|0x00000000a4400000, 0x00000000a4400000, 0x00000000a4500000|  0%| F|  |TAMS 0x00000000a4400000, 0x00000000a4400000| Untracked 
|  69|0x00000000a4500000, 0x00000000a4500000, 0x00000000a4600000|  0%| F|  |TAMS 0x00000000a4500000, 0x00000000a4500000| Untracked 
|  70|0x00000000a4600000, 0x00000000a4600000, 0x00000000a4700000|  0%| F|  |TAMS 0x00000000a4600000, 0x00000000a4600000| Untracked 
|  71|0x00000000a4700000, 0x00000000a4700000, 0x00000000a4800000|  0%| F|  |TAMS 0x00000000a4700000, 0x00000000a4700000| Untracked 
|  72|0x00000000a4800000, 0x00000000a4800000, 0x00000000a4900000|  0%| F|  |TAMS 0x00000000a4800000, 0x00000000a4800000| Untracked 
|  73|0x00000000a4900000, 0x00000000a4900000, 0x00000000a4a00000|  0%| F|  |TAMS 0x00000000a4900000, 0x00000000a4900000| Untracked 
|  74|0x00000000a4a00000, 0x00000000a4a00000, 0x00000000a4b00000|  0%| F|  |TAMS 0x00000000a4a00000, 0x00000000a4a00000| Untracked 
|  75|0x00000000a4b00000, 0x00000000a4b00000, 0x00000000a4c00000|  0%| F|  |TAMS 0x00000000a4b00000, 0x00000000a4b00000| Untracked 
|  76|0x00000000a4c00000, 0x00000000a4c00000, 0x00000000a4d00000|  0%| F|  |TAMS 0x00000000a4c00000, 0x00000000a4c00000| Untracked 
|  77|0x00000000a4d00000, 0x00000000a4d00000, 0x00000000a4e00000|  0%| F|  |TAMS 0x00000000a4d00000, 0x00000000a4d00000| Untracked 
|  78|0x00000000a4e00000, 0x00000000a4e00000, 0x00000000a4f00000|  0%| F|  |TAMS 0x00000000a4e00000, 0x00000000a4e00000| Untracked 
|  79|0x00000000a4f00000, 0x00000000a4f00000, 0x00000000a5000000|  0%| F|  |TAMS 0x00000000a4f00000, 0x00000000a4f00000| Untracked 
|  80|0x00000000a5000000, 0x00000000a5000000, 0x00000000a5100000|  0%| F|  |TAMS 0x00000000a5000000, 0x00000000a5000000| Untracked 
|  81|0x00000000a5100000, 0x00000000a5100000, 0x00000000a5200000|  0%| F|  |TAMS 0x00000000a5100000, 0x00000000a5100000| Untracked 
|  82|0x00000000a5200000, 0x00000000a5200000, 0x00000000a5300000|  0%| F|  |TAMS 0x00000000a5200000, 0x00000000a5200000| Untracked 
|  83|0x00000000a5300000, 0x00000000a5400000, 0x00000000a5400000|100%| E|  |TAMS 0x00000000a5300000, 0x00000000a5300000| Complete 
|  84|0x00000000a5400000, 0x00000000a5500000, 0x00000000a5500000|100%| E|CS|TAMS 0x00000000a5400000, 0x00000000a5400000| Complete 
|  85|0x00000000a5500000, 0x00000000a5600000, 0x00000000a5600000|100%| E|CS|TAMS 0x00000000a5500000, 0x00000000a5500000| Complete 
|  86|0x00000000a5600000, 0x00000000a5700000, 0x00000000a5700000|100%| E|CS|TAMS 0x00000000a5600000, 0x00000000a5600000| Complete 
|  87|0x00000000a5700000, 0x00000000a5800000, 0x00000000a5800000|100%| E|CS|TAMS 0x00000000a5700000, 0x00000000a5700000| Complete 
|  88|0x00000000a5800000, 0x00000000a5900000, 0x00000000a5900000|100%| E|CS|TAMS 0x00000000a5800000, 0x00000000a5800000| Complete 
|  89|0x00000000a5900000, 0x00000000a5a00000, 0x00000000a5a00000|100%| E|CS|TAMS 0x00000000a5900000, 0x00000000a5900000| Complete 
|  90|0x00000000a5a00000, 0x00000000a5b00000, 0x00000000a5b00000|100%| E|CS|TAMS 0x00000000a5a00000, 0x00000000a5a00000| Complete 
|  91|0x00000000a5b00000, 0x00000000a5c00000, 0x00000000a5c00000|100%| E|CS|TAMS 0x00000000a5b00000, 0x00000000a5b00000| Complete 
|  92|0x00000000a5c00000, 0x00000000a5d00000, 0x00000000a5d00000|100%| E|CS|TAMS 0x00000000a5c00000, 0x00000000a5c00000| Complete 
|  93|0x00000000a5d00000, 0x00000000a5e00000, 0x00000000a5e00000|100%| E|CS|TAMS 0x00000000a5d00000, 0x00000000a5d00000| Complete 
|  94|0x00000000a5e00000, 0x00000000a5f00000, 0x00000000a5f00000|100%| E|CS|TAMS 0x00000000a5e00000, 0x00000000a5e00000| Complete 
|  95|0x00000000a5f00000, 0x00000000a6000000, 0x00000000a6000000|100%| E|CS|TAMS 0x00000000a5f00000, 0x00000000a5f00000| Complete 
|  96|0x00000000a6000000, 0x00000000a6100000, 0x00000000a6100000|100%| E|CS|TAMS 0x00000000a6000000, 0x00000000a6000000| Complete 
|  97|0x00000000a6100000, 0x00000000a6200000, 0x00000000a6200000|100%| E|CS|TAMS 0x00000000a6100000, 0x00000000a6100000| Complete 
|  98|0x00000000a6200000, 0x00000000a6300000, 0x00000000a6300000|100%| E|CS|TAMS 0x00000000a6200000, 0x00000000a6200000| Complete 
|  99|0x00000000a6300000, 0x00000000a6400000, 0x00000000a6400000|100%| E|CS|TAMS 0x00000000a6300000, 0x00000000a6300000| Complete 
| 100|0x00000000a6400000, 0x00000000a6500000, 0x00000000a6500000|100%| E|CS|TAMS 0x00000000a6400000, 0x00000000a6400000| Complete 
| 101|0x00000000a6500000, 0x00000000a6600000, 0x00000000a6600000|100%| E|CS|TAMS 0x00000000a6500000, 0x00000000a6500000| Complete 
| 102|0x00000000a6600000, 0x00000000a6700000, 0x00000000a6700000|100%| E|CS|TAMS 0x00000000a6600000, 0x00000000a6600000| Complete 
| 103|0x00000000a6700000, 0x00000000a6800000, 0x00000000a6800000|100%| E|CS|TAMS 0x00000000a6700000, 0x00000000a6700000| Complete 
| 104|0x00000000a6800000, 0x00000000a6900000, 0x00000000a6900000|100%| E|CS|TAMS 0x00000000a6800000, 0x00000000a6800000| Complete 
| 105|0x00000000a6900000, 0x00000000a6a00000, 0x00000000a6a00000|100%| E|CS|TAMS 0x00000000a6900000, 0x00000000a6900000| Complete 
| 106|0x00000000a6a00000, 0x00000000a6b00000, 0x00000000a6b00000|100%| E|CS|TAMS 0x00000000a6a00000, 0x00000000a6a00000| Complete 
| 107|0x00000000a6b00000, 0x00000000a6c00000, 0x00000000a6c00000|100%| E|CS|TAMS 0x00000000a6b00000, 0x00000000a6b00000| Complete 
| 108|0x00000000a6c00000, 0x00000000a6d00000, 0x00000000a6d00000|100%| E|CS|TAMS 0x00000000a6c00000, 0x00000000a6c00000| Complete 
| 109|0x00000000a6d00000, 0x00000000a6e00000, 0x00000000a6e00000|100%| E|CS|TAMS 0x00000000a6d00000, 0x00000000a6d00000| Complete 
| 110|0x00000000a6e00000, 0x00000000a6f00000, 0x00000000a6f00000|100%| E|CS|TAMS 0x00000000a6e00000, 0x00000000a6e00000| Complete 
| 111|0x00000000a6f00000, 0x00000000a7000000, 0x00000000a7000000|100%| E|CS|TAMS 0x00000000a6f00000, 0x00000000a6f00000| Complete 
| 112|0x00000000a7000000, 0x00000000a7100000, 0x00000000a7100000|100%| E|CS|TAMS 0x00000000a7000000, 0x00000000a7000000| Complete 
| 113|0x00000000a7100000, 0x00000000a7200000, 0x00000000a7200000|100%| E|CS|TAMS 0x00000000a7100000, 0x00000000a7100000| Complete 
| 114|0x00000000a7200000, 0x00000000a7300000, 0x00000000a7300000|100%| E|CS|TAMS 0x00000000a7200000, 0x00000000a7200000| Complete 
| 115|0x00000000a7300000, 0x00000000a7400000, 0x00000000a7400000|100%| E|CS|TAMS 0x00000000a7300000, 0x00000000a7300000| Complete 
| 116|0x00000000a7400000, 0x00000000a7500000, 0x00000000a7500000|100%| E|CS|TAMS 0x00000000a7400000, 0x00000000a7400000| Complete 
| 117|0x00000000a7500000, 0x00000000a7600000, 0x00000000a7600000|100%| E|CS|TAMS 0x00000000a7500000, 0x00000000a7500000| Complete 
| 118|0x00000000a7600000, 0x00000000a7694a00, 0x00000000a7700000| 58%| S|CS|TAMS 0x00000000a7600000, 0x00000000a7600000| Complete 
| 119|0x00000000a7700000, 0x00000000a7800000, 0x00000000a7800000|100%| S|CS|TAMS 0x00000000a7700000, 0x00000000a7700000| Complete 
| 120|0x00000000a7800000, 0x00000000a7900000, 0x00000000a7900000|100%| S|CS|TAMS 0x00000000a7800000, 0x00000000a7800000| Complete 
| 121|0x00000000a7900000, 0x00000000a7a00000, 0x00000000a7a00000|100%| S|CS|TAMS 0x00000000a7900000, 0x00000000a7900000| Complete 
| 122|0x00000000a7a00000, 0x00000000a7b00000, 0x00000000a7b00000|100%| E|CS|TAMS 0x00000000a7a00000, 0x00000000a7a00000| Complete 
| 123|0x00000000a7b00000, 0x00000000a7c00000, 0x00000000a7c00000|100%| E|CS|TAMS 0x00000000a7b00000, 0x00000000a7b00000| Complete 
| 124|0x00000000a7c00000, 0x00000000a7d00000, 0x00000000a7d00000|100%| E|CS|TAMS 0x00000000a7c00000, 0x00000000a7c00000| Complete 
| 125|0x00000000a7d00000, 0x00000000a7e00000, 0x00000000a7e00000|100%| E|CS|TAMS 0x00000000a7d00000, 0x00000000a7d00000| Complete 
| 126|0x00000000a7e00000, 0x00000000a7f00000, 0x00000000a7f00000|100%| E|CS|TAMS 0x00000000a7e00000, 0x00000000a7e00000| Complete 
| 127|0x00000000a7f00000, 0x00000000a8000000, 0x00000000a8000000|100%| E|CS|TAMS 0x00000000a7f00000, 0x00000000a7f00000| Complete 

Card table byte_map: [0x000001ebc0e30000,0x000001ebc1130000] _byte_map_base: 0x000001ebc0930000

Marking Bits (Prev, Next): (CMBitMap*) 0x000001ebac2348b0, (CMBitMap*) 0x000001ebac234878
 Prev Bits: [0x000001ebc2c30000, 0x000001ebc4430000)
 Next Bits: [0x000001ebc1430000, 0x000001ebc2c30000)

Polling page: 0x000001ebac2e0000

Metaspace:

Usage:
  Non-class:     51.94 MB capacity,    51.16 MB ( 99%) used,   681.20 KB (  1%) free+waste,   114.44 KB ( <1%) overhead. 
      Class:      7.77 MB capacity,     7.33 MB ( 94%) used,   398.89 KB (  5%) free+waste,    52.81 KB ( <1%) overhead. 
       Both:     59.71 MB capacity,    58.49 MB ( 98%) used,     1.05 MB (  2%) free+waste,   167.25 KB ( <1%) overhead. 

Virtual space:
  Non-class space:       52.00 MB reserved,      51.95 MB (>99%) committed 
      Class space:        1.00 GB reserved,       7.88 MB ( <1%) committed 
             Both:        1.05 GB reserved,      59.83 MB (  6%) committed 

Chunk freelists:
   Non-Class:  15.00 KB
       Class:  12.00 KB
        Both:  27.00 KB

MaxMetaspaceSize: 17179869184.00 GB
CompressedClassSpaceSize: 1.00 GB

CodeHeap 'non-profiled nmethods': size=120064Kb used=3424Kb max_used=3424Kb free=116639Kb
 bounds [0x000001ebb8fd0000, 0x000001ebb9330000, 0x000001ebc0510000]
CodeHeap 'profiled nmethods': size=120000Kb used=13014Kb max_used=13014Kb free=106985Kb
 bounds [0x000001ebb1aa0000, 0x000001ebb2760000, 0x000001ebb8fd0000]
CodeHeap 'non-nmethods': size=5696Kb used=2240Kb max_used=2291Kb free=3455Kb
 bounds [0x000001ebb1510000, 0x000001ebb1780000, 0x000001ebb1aa0000]
 total_blobs=6762 nmethods=5946 adapters=727
 compilation: enabled
              stopped_count=0, restarted_count=0
 full_count=0

Compilation events (20 events):
Event: 41.622 Thread 0x000001ebc6a81800 5951       3       groovyjarjarasm.asm.Frame::merge (395 bytes)
Event: 41.625 Thread 0x000001ebc6a81800 nmethod 5951 0x000001ebb2742090 code [0x000001ebb2742360, 0x000001ebb2743198]
Event: 41.635 Thread 0x000001ebc6a81800 5952       3       java.lang.Thread::getContextClassLoader (32 bytes)
Event: 41.636 Thread 0x000001ebc6a81800 nmethod 5952 0x000001ebb2743810 code [0x000001ebb2743a40, 0x000001ebb2744278]
Event: 41.636 Thread 0x000001ebc6a81800 5953       3       com.sun.beans.util.Cache$Kind$Soft::isStale (14 bytes)
Event: 41.636 Thread 0x000001ebc6a81800 nmethod 5953 0x000001ebb2744510 code [0x000001ebb27446e0, 0x000001ebb27449d8]
Event: 41.678 Thread 0x000001ebc6a81800 5954       3       org.gradle.groovy.scripts.DelegatingScriptSource::getClassName (10 bytes)
Event: 41.678 Thread 0x000001ebc6a81800 nmethod 5954 0x000001ebb2744a90 code [0x000001ebb2744c40, 0x000001ebb2744e08]
Event: 41.679 Thread 0x000001ebc6a81800 5955       3       org.gradle.groovy.scripts.TextResourceScriptSource::getClassName (20 bytes)
Event: 41.679 Thread 0x000001ebc6a81800 nmethod 5955 0x000001ebb2744f10 code [0x000001ebb27450c0, 0x000001ebb2745288]
Event: 41.685 Thread 0x000001ebc6a81800 5956       3       com.sun.beans.WeakCache::get (42 bytes)
Event: 41.686 Thread 0x000001ebc6a81800 nmethod 5956 0x000001ebb2745310 code [0x000001ebb2745500, 0x000001ebb27459c8]
Event: 41.688 Thread 0x000001ebc6a81800 5957       3       sun.reflect.generics.reflectiveObjects.ParameterizedTypeImpl::equals (81 bytes)
Event: 41.689 Thread 0x000001ebc6a81800 nmethod 5957 0x000001ebb2745b10 code [0x000001ebb2745d60, 0x000001ebb27468c8]
Event: 41.689 Thread 0x000001ebc6a81800 5958       3       sun.reflect.generics.reflectiveObjects.TypeVariableImpl::equals (67 bytes)
Event: 41.690 Thread 0x000001ebc6a81800 nmethod 5958 0x000001ebb2746b10 code [0x000001ebb2746d40, 0x000001ebb2747698]
Event: 41.722 Thread 0x000001ebc6a81800 5959       3       java.util.Vector::<init> (7 bytes)
Event: 41.722 Thread 0x000001ebc6a81800 nmethod 5959 0x000001ebb2747890 code [0x000001ebb2747a40, 0x000001ebb2747b68]
Event: 41.728 Thread 0x000001ebc6a81800 5960       3       groovyjarjarasm.asm.Frame::<init> (10 bytes)
Event: 41.728 Thread 0x000001ebc6a81800 nmethod 5960 0x000001ebb2747c10 code [0x000001ebb2747dc0, 0x000001ebb2747f78]

GC Heap History (20 events):
Event: 7.612 GC heap before
{Heap before GC invocations=2 (full 0):
 garbage-first heap   total 131072K, used 38462K [0x00000000a0000000, 0x0000000100000000)
  region size 1024K, 31 young (31744K), 1 survivors (1024K)
 Metaspace       used 10861K, capacity 11170K, committed 11264K, reserved 1058816K
  class space    used 1159K, capacity 1235K, committed 1280K, reserved 1048576K
}
Event: 7.618 GC heap after
{Heap after GC invocations=3 (full 0):
 garbage-first heap   total 131072K, used 13085K [0x00000000a0000000, 0x0000000100000000)
  region size 1024K, 4 young (4096K), 4 survivors (4096K)
 Metaspace       used 10861K, capacity 11170K, committed 11264K, reserved 1058816K
  class space    used 1159K, capacity 1235K, committed 1280K, reserved 1048576K
}
Event: 12.893 GC heap before
{Heap before GC invocations=3 (full 0):
 garbage-first heap   total 131072K, used 54045K [0x00000000a0000000, 0x0000000100000000)
  region size 1024K, 45 young (46080K), 4 survivors (4096K)
 Metaspace       used 19953K, capacity 20294K, committed 20480K, reserved 1067008K
  class space    used 2356K, capacity 2473K, committed 2560K, reserved 1048576K
}
Event: 12.911 GC heap after
{Heap after GC invocations=4 (full 0):
 garbage-first heap   total 131072K, used 15788K [0x00000000a0000000, 0x0000000100000000)
  region size 1024K, 3 young (3072K), 3 survivors (3072K)
 Metaspace       used 19953K, capacity 20294K, committed 20480K, reserved 1067008K
  class space    used 2356K, capacity 2473K, committed 2560K, reserved 1048576K
}
Event: 13.398 GC heap before
{Heap before GC invocations=4 (full 0):
 garbage-first heap   total 131072K, used 25004K [0x00000000a0000000, 0x0000000100000000)
  region size 1024K, 13 young (13312K), 3 survivors (3072K)
 Metaspace       used 20802K, capacity 21208K, committed 21296K, reserved 1069056K
  class space    used 2505K, capacity 2676K, committed 2688K, reserved 1048576K
}
Event: 13.406 GC heap after
{Heap after GC invocations=5 (full 0):
 garbage-first heap   total 131072K, used 16214K [0x00000000a0000000, 0x0000000100000000)
  region size 1024K, 4 young (4096K), 4 survivors (4096K)
 Metaspace       used 20802K, capacity 21208K, committed 21296K, reserved 1069056K
  class space    used 2505K, capacity 2676K, committed 2688K, reserved 1048576K
}
Event: 16.663 GC heap before
{Heap before GC invocations=6 (full 0):
 garbage-first heap   total 131072K, used 65366K [0x00000000a0000000, 0x0000000100000000)
  region size 1024K, 52 young (53248K), 4 survivors (4096K)
 Metaspace       used 26718K, capacity 27269K, committed 27520K, reserved 1073152K
  class space    used 3429K, capacity 3611K, committed 3712K, reserved 1048576K
}
Event: 16.673 GC heap after
{Heap after GC invocations=7 (full 0):
 garbage-first heap   total 131072K, used 17949K [0x00000000a0000000, 0x0000000100000000)
  region size 1024K, 5 young (5120K), 5 survivors (5120K)
 Metaspace       used 26718K, capacity 27269K, committed 27520K, reserved 1073152K
  class space    used 3429K, capacity 3611K, committed 3712K, reserved 1048576K
}
Event: 20.288 GC heap before
{Heap before GC invocations=7 (full 0):
 garbage-first heap   total 131072K, used 65053K [0x00000000a0000000, 0x0000000100000000)
  region size 1024K, 50 young (51200K), 5 survivors (5120K)
 Metaspace       used 35340K, capacity 35930K, committed 36048K, reserved 1081344K
  class space    used 4377K, capacity 4600K, committed 4608K, reserved 1048576K
}
Event: 20.309 GC heap after
{Heap after GC invocations=8 (full 0):
 garbage-first heap   total 131072K, used 21845K [0x00000000a0000000, 0x0000000100000000)
  region size 1024K, 9 young (9216K), 9 survivors (9216K)
 Metaspace       used 35340K, capacity 35930K, committed 36048K, reserved 1081344K
  class space    used 4377K, capacity 4600K, committed 4608K, reserved 1048576K
}
Event: 23.504 GC heap before
{Heap before GC invocations=9 (full 0):
 garbage-first heap   total 131072K, used 83285K [0x00000000a0000000, 0x0000000100000000)
  region size 1024K, 69 young (70656K), 9 survivors (9216K)
 Metaspace       used 39880K, capacity 40560K, committed 40656K, reserved 1085440K
  class space    used 5092K, capacity 5347K, committed 5376K, reserved 1048576K
}
Event: 23.527 GC heap after
{Heap after GC invocations=10 (full 0):
 garbage-first heap   total 131072K, used 25228K [0x00000000a0000000, 0x0000000100000000)
  region size 1024K, 8 young (8192K), 8 survivors (8192K)
 Metaspace       used 39880K, capacity 40560K, committed 40656K, reserved 1085440K
  class space    used 5092K, capacity 5347K, committed 5376K, reserved 1048576K
}
Event: 29.794 GC heap before
{Heap before GC invocations=10 (full 0):
 garbage-first heap   total 131072K, used 93836K [0x00000000a0000000, 0x0000000100000000)
  region size 1024K, 70 young (71680K), 8 survivors (8192K)
 Metaspace       used 46437K, capacity 47450K, committed 47696K, reserved 1091584K
  class space    used 5886K, capacity 6236K, committed 6272K, reserved 1048576K
}
Event: 29.815 GC heap after
{Heap after GC invocations=11 (full 0):
 garbage-first heap   total 131072K, used 38912K [0x00000000a0000000, 0x0000000100000000)
  region size 1024K, 9 young (9216K), 9 survivors (9216K)
 Metaspace       used 46437K, capacity 47450K, committed 47696K, reserved 1091584K
  class space    used 5886K, capacity 6236K, committed 6272K, reserved 1048576K
}
Event: 34.377 GC heap before
{Heap before GC invocations=11 (full 0):
 garbage-first heap   total 131072K, used 94208K [0x00000000a0000000, 0x0000000100000000)
  region size 1024K, 64 young (65536K), 9 survivors (9216K)
 Metaspace       used 52512K, capacity 53532K, committed 53840K, reserved 1095680K
  class space    used 6608K, capacity 6960K, committed 7040K, reserved 1048576K
}
Event: 34.396 GC heap after
{Heap after GC invocations=12 (full 0):
 garbage-first heap   total 131072K, used 43885K [0x00000000a0000000, 0x0000000100000000)
  region size 1024K, 5 young (5120K), 5 survivors (5120K)
 Metaspace       used 52512K, capacity 53532K, committed 53840K, reserved 1095680K
  class space    used 6608K, capacity 6960K, committed 7040K, reserved 1048576K
}
Event: 38.361 GC heap before
{Heap before GC invocations=12 (full 0):
 garbage-first heap   total 131072K, used 97133K [0x00000000a0000000, 0x0000000100000000)
  region size 1024K, 57 young (58368K), 5 survivors (5120K)
 Metaspace       used 58837K, capacity 60024K, committed 60240K, reserved 1101824K
  class space    used 7349K, capacity 7738K, committed 7808K, reserved 1048576K
}
Event: 38.382 GC heap after
{Heap after GC invocations=13 (full 0):
 garbage-first heap   total 131072K, used 46184K [0x00000000a0000000, 0x0000000100000000)
  region size 1024K, 7 young (7168K), 7 survivors (7168K)
 Metaspace       used 58837K, capacity 60024K, committed 60240K, reserved 1101824K
  class space    used 7349K, capacity 7738K, committed 7808K, reserved 1048576K
}
Event: 38.803 GC heap before
{Heap before GC invocations=13 (full 0):
 garbage-first heap   total 131072K, used 51304K [0x00000000a0000000, 0x0000000100000000)
  region size 1024K, 13 young (13312K), 7 survivors (7168K)
 Metaspace       used 59107K, capacity 60209K, committed 60240K, reserved 1101824K
  class space    used 7384K, capacity 7777K, committed 7808K, reserved 1048576K
}
Event: 38.820 GC heap after
{Heap after GC invocations=14 (full 0):
 garbage-first heap   total 131072K, used 46812K [0x00000000a0000000, 0x0000000100000000)
  region size 1024K, 4 young (4096K), 4 survivors (4096K)
 Metaspace       used 59107K, capacity 60209K, committed 60240K, reserved 1101824K
  class space    used 7384K, capacity 7777K, committed 7808K, reserved 1048576K
}

Deoptimization events (20 events):
Event: 41.158 Thread 0x000001ebc77a7000 Uncommon trap: trap_request=0xffffffdc fr.pc=0x000001ebb93206e0 relative=0x00000000000002a0
Event: 41.158 Thread 0x000001ebc77a7000 Uncommon trap: reason=class_check action=make_not_entrant pc=0x000001ebb93206e0 method=java.util.ArrayList.toArray([Ljava/lang/Object;)[Ljava/lang/Object; @ 21 c2
Event: 41.158 Thread 0x000001ebc77a7000 DEOPT PACKING pc=0x000001ebb93206e0 sp=0x000000dd390f4650
Event: 41.158 Thread 0x000001ebc77a7000 DEOPT UNPACKING pc=0x000001ebb153662f sp=0x000000dd390f4610 mode 2
Event: 41.158 Thread 0x000001ebc77a7000 Uncommon trap: trap_request=0xffffff4d fr.pc=0x000001ebb931fdc4 relative=0x0000000000000444
Event: 41.158 Thread 0x000001ebc77a7000 Uncommon trap: reason=unstable_if action=reinterpret pc=0x000001ebb931fdc4 method=org.codehaus.groovy.runtime.metaclass.MetaMethodIndex.copyNonPrivateNonNewMetaMethods(Lorg/codehaus/groovy/runtime/metaclass/MetaMethodIndex$Entry;Lorg/codehaus/groovy/runti
Event: 41.158 Thread 0x000001ebc77a7000 DEOPT PACKING pc=0x000001ebb931fdc4 sp=0x000000dd390f4880
Event: 41.158 Thread 0x000001ebc77a7000 DEOPT UNPACKING pc=0x000001ebb153662f sp=0x000000dd390f4838 mode 2
Event: 41.186 Thread 0x000001ebc77a7000 Uncommon trap: trap_request=0xffffff4d fr.pc=0x000001ebb92e3d54 relative=0x00000000000041b4
Event: 41.186 Thread 0x000001ebc77a7000 Uncommon trap: reason=unstable_if action=reinterpret pc=0x000001ebb92e3d54 method=org.codehaus.groovy.runtime.metaclass.MetaMethodIndex.addMethodToList(Ljava/lang/Object;Lgroovy/lang/MetaMethod;)Ljava/lang/Object; @ 256 c2
Event: 41.186 Thread 0x000001ebc77a7000 DEOPT PACKING pc=0x000001ebb92e3d54 sp=0x000000dd390f4ed0
Event: 41.186 Thread 0x000001ebc77a7000 DEOPT UNPACKING pc=0x000001ebb153662f sp=0x000000dd390f4e58 mode 2
Event: 41.191 Thread 0x000001ebc77a7000 Uncommon trap: trap_request=0xffffff4d fr.pc=0x000001ebb9315010 relative=0x00000000000019b0
Event: 41.191 Thread 0x000001ebc77a7000 Uncommon trap: reason=unstable_if action=reinterpret pc=0x000001ebb9315010 method=org.codehaus.groovy.runtime.metaclass.MetaMethodIndex.addMethodToList(Ljava/lang/Object;Lgroovy/lang/MetaMethod;)Ljava/lang/Object; @ 256 c2
Event: 41.191 Thread 0x000001ebc77a7000 DEOPT PACKING pc=0x000001ebb9315010 sp=0x000000dd390f4e90
Event: 41.191 Thread 0x000001ebc77a7000 DEOPT UNPACKING pc=0x000001ebb153662f sp=0x000000dd390f4e60 mode 2
Event: 41.573 Thread 0x000001ebc77a7000 Uncommon trap: trap_request=0xffffff4d fr.pc=0x000001ebb9321434 relative=0x00000000000004f4
Event: 41.573 Thread 0x000001ebc77a7000 Uncommon trap: reason=unstable_if action=reinterpret pc=0x000001ebb9321434 method=groovy.lang.MetaClassImpl.filterPropertyMethod(Ljava/lang/Object;ZZ)Ljava/lang/Object; @ 187 c2
Event: 41.573 Thread 0x000001ebc77a7000 DEOPT PACKING pc=0x000001ebb9321434 sp=0x000000dd390f4060
Event: 41.573 Thread 0x000001ebc77a7000 DEOPT UNPACKING pc=0x000001ebb153662f sp=0x000000dd390f3fd8 mode 2

Classes redefined (0 events):
No events

Internal exceptions (20 events):
Event: 41.528 Thread 0x000001ebc77a7000 Exception <a 'java/lang/ClassNotFoundException'{0x00000000a5b7b090}: FlutterExtensionBeanInfo> (0x00000000a5b7b090) thrown at [./src/hotspot/share/classfile/systemDictionary.cpp, line 231]
Event: 41.530 Thread 0x000001ebc77a7000 Exception <a 'java/lang/ClassNotFoundException'{0x00000000a5b935c0}: FlutterExtensionCustomizer> (0x00000000a5b935c0) thrown at [./src/hotspot/share/classfile/systemDictionary.cpp, line 231]
Event: 41.533 Thread 0x000001ebc77a7000 Exception <a 'java/lang/ClassNotFoundException'{0x00000000a5bb8428}: FlutterExtension_DecoratedCustomizer> (0x00000000a5bb8428) thrown at [./src/hotspot/share/classfile/systemDictionary.cpp, line 231]
Event: 41.539 Thread 0x000001ebc77a7000 Exception <a 'java/lang/ClassNotFoundException'{0x00000000a5a25b60}: org/gradle/api/internal/project/ProjectStateInternalBeanInfo> (0x00000000a5a25b60) thrown at [./src/hotspot/share/classfile/systemDictionary.cpp, line 231]
Event: 41.558 Thread 0x000001ebc77a7000 Exception <a 'java/lang/ClassNotFoundException'{0x00000000a5a56a18}: org/gradle/api/internal/project/ProjectStateInternalCustomizer> (0x00000000a5a56a18) thrown at [./src/hotspot/share/classfile/systemDictionary.cpp, line 231]
Event: 41.568 Thread 0x000001ebc77a7000 Exception <a 'java/lang/ClassNotFoundException'{0x00000000a5954fa8}: java/lang/StringBeanInfo> (0x00000000a5954fa8) thrown at [./src/hotspot/share/classfile/systemDictionary.cpp, line 231]
Event: 41.572 Thread 0x000001ebc77a7000 Exception <a 'java/lang/ClassNotFoundException'{0x00000000a59640b8}: java/lang/StringCustomizer> (0x00000000a59640b8) thrown at [./src/hotspot/share/classfile/systemDictionary.cpp, line 231]
Event: 41.634 Thread 0x000001ebc77a7000 Exception <a 'java/lang/ClassNotFoundException'{0x00000000a59bfac0}: groovy/runtime/metaclass/[Ljava/lang/String;MetaClass> (0x00000000a59bfac0) thrown at [./src/hotspot/share/prims/jni.cpp, line 636]
Event: 41.635 Thread 0x000001ebc77a7000 Exception <a 'java/lang/ClassNotFoundException'{0x00000000a59c7cb8}: [Ljava/lang/String;BeanInfo> (0x00000000a59c7cb8) thrown at [./src/hotspot/share/prims/jni.cpp, line 636]
Event: 41.635 Thread 0x000001ebc77a7000 Exception <a 'java/lang/ClassNotFoundException'{0x00000000a59c9a60}: [Ljava/lang/String;BeanInfo> (0x00000000a59c9a60) thrown at [./src/hotspot/share/prims/jni.cpp, line 636]
Event: 41.635 Thread 0x000001ebc77a7000 Exception <a 'java/lang/ClassNotFoundException'{0x00000000a59cb8c8}: [Ljava/lang/String;Customizer> (0x00000000a59cb8c8) thrown at [./src/hotspot/share/prims/jni.cpp, line 636]
Event: 41.635 Thread 0x000001ebc77a7000 Exception <a 'java/lang/ClassNotFoundException'{0x00000000a59cd670}: [Ljava/lang/String;Customizer> (0x00000000a59cd670) thrown at [./src/hotspot/share/prims/jni.cpp, line 636]
Event: 41.655 Thread 0x000001ebc77a7000 Exception <a 'java/lang/ClassNotFoundException'{0x00000000a58445f0}: java/util/LinkedHashMapBeanInfo> (0x00000000a58445f0) thrown at [./src/hotspot/share/classfile/systemDictionary.cpp, line 231]
Event: 41.660 Thread 0x000001ebc77a7000 Exception <a 'java/lang/ClassNotFoundException'{0x00000000a58541a0}: java/util/HashMapBeanInfo> (0x00000000a58541a0) thrown at [./src/hotspot/share/classfile/systemDictionary.cpp, line 231]
Event: 41.677 Thread 0x000001ebc77a7000 Exception <a 'java/lang/ClassNotFoundException'{0x00000000a58645e0}: java/util/AbstractMapBeanInfo> (0x00000000a58645e0) thrown at [./src/hotspot/share/classfile/systemDictionary.cpp, line 231]
Event: 41.683 Thread 0x000001ebc77a7000 Exception <a 'java/lang/ClassNotFoundException'{0x00000000a5874a38}: java/util/AbstractMapCustomizer> (0x00000000a5874a38) thrown at [./src/hotspot/share/classfile/systemDictionary.cpp, line 231]
Event: 41.685 Thread 0x000001ebc77a7000 Exception <a 'java/lang/ClassNotFoundException'{0x00000000a588ecc8}: java/util/HashMapCustomizer> (0x00000000a588ecc8) thrown at [./src/hotspot/share/classfile/systemDictionary.cpp, line 231]
Event: 41.691 Thread 0x000001ebc77a7000 Exception <a 'java/lang/ClassNotFoundException'{0x00000000a58b5538}: java/util/LinkedHashMapCustomizer> (0x00000000a58b5538) thrown at [./src/hotspot/share/classfile/systemDictionary.cpp, line 231]
Event: 41.710 Thread 0x000001ebc77a7000 Exception <a 'java/lang/ClassNotFoundException'{0x00000000a561ef48}: org/gradle/api/internal/DefaultDomainObjectSetBeanInfo> (0x00000000a561ef48) thrown at [./src/hotspot/share/classfile/systemDictionary.cpp, line 231]
Event: 41.715 Thread 0x000001ebc77a7000 Exception <a 'java/lang/ClassNotFoundException'{0x00000000a564df10}: org/gradle/api/internal/DefaultDomainObjectSetCustomizer> (0x00000000a564df10) thrown at [./src/hotspot/share/classfile/systemDictionary.cpp, line 231]

Events (20 events):
Event: 41.710 loading class org/gradle/api/internal/DefaultDomainObjectSetBeanInfo
Event: 41.710 loading class org/gradle/api/internal/DefaultDomainObjectSetBeanInfo done
Event: 41.710 loading class org/gradle/api/internal/DefaultDomainObjectSetCustomizer
Event: 41.710 loading class org/gradle/api/internal/DefaultDomainObjectSetCustomizer done
Event: 41.712 loading class org/gradle/api/internal/DefaultDomainObjectSetCustomizer
Event: 41.712 loading class org/gradle/api/internal/DefaultDomainObjectSetCustomizer done
Event: 41.712 loading class org/gradle/api/internal/DefaultDomainObjectSetCustomizer
Event: 41.712 loading class org/gradle/api/internal/DefaultDomainObjectSetCustomizer done
Event: 41.714 loading class org/gradle/api/internal/DefaultDomainObjectSetCustomizer
Event: 41.714 loading class org/gradle/api/internal/DefaultDomainObjectSetCustomizer done
Event: 41.754 loading class org/codehaus/groovy/runtime/callsite/CallSiteArray$1
Event: 41.754 loading class org/codehaus/groovy/runtime/callsite/CallSiteArray$1 done
Event: 41.755 loading class org/codehaus/groovy/runtime/callsite/StaticMetaMethodSite
Event: 41.755 loading class org/codehaus/groovy/runtime/callsite/StaticMetaMethodSite done
Event: 41.772 loading class org/codehaus/groovy/runtime/callsite/StaticMetaMethodSite$StaticMetaMethodSiteNoUnwrapNoCoerce
Event: 41.772 loading class org/codehaus/groovy/runtime/callsite/StaticMetaMethodSite$StaticMetaMethodSiteNoUnwrapNoCoerce done
Event: 41.774 loading class FlutterPlugin$_getPluginList_closure17
Event: 41.774 loading class FlutterPlugin$_getPluginList_closure17 done
Event: 41.786 loading class groovy/runtime/metaclass/FlutterPlugin$_getPluginList_closure17MetaClass
Event: 41.786 loading class groovy/runtime/metaclass/FlutterPlugin$_getPluginList_closure17MetaClass done


Dynamic libraries:
0x00007ff6ac1f0000 - 0x00007ff6ac1fa000 	C:\Program Files\Android\Android Studio\jre\bin\java.exe
0x00007ffb03370000 - 0x00007ffb03565000 	C:\Windows\SYSTEM32\ntdll.dll
0x00007ffb02cf0000 - 0x00007ffb02dae000 	C:\Windows\System32\KERNEL32.DLL
0x00007ffb00f70000 - 0x00007ffb01238000 	C:\Windows\System32\KERNELBASE.dll
0x00007ffb00ba0000 - 0x00007ffb00ca0000 	C:\Windows\System32\ucrtbase.dll
0x00007ffae0810000 - 0x00007ffae0829000 	C:\Program Files\Android\Android Studio\jre\bin\jli.dll
0x00007ffb02e10000 - 0x00007ffb02fb0000 	C:\Windows\System32\USER32.dll
0x00007ffb01240000 - 0x00007ffb01262000 	C:\Windows\System32\win32u.dll
0x00007ffb03150000 - 0x00007ffb0317a000 	C:\Windows\System32\GDI32.dll
0x00007ffb00a90000 - 0x00007ffb00b9b000 	C:\Windows\System32\gdi32full.dll
0x00007ffb00cf0000 - 0x00007ffb00d8d000 	C:\Windows\System32\msvcp_win.dll
0x00007ffae07f0000 - 0x00007ffae0807000 	C:\Program Files\Android\Android Studio\jre\bin\VCRUNTIME140.dll
0x00007ffae5210000 - 0x00007ffae54aa000 	C:\Windows\WinSxS\amd64_microsoft.windows.common-controls_6595b64144ccf1df_6.0.19041.1110_none_60b5254171f9507e\COMCTL32.dll
0x00007ffb015b0000 - 0x00007ffb0164e000 	C:\Windows\System32\msvcrt.dll
0x00007ffb01480000 - 0x00007ffb014b0000 	C:\Windows\System32\IMM32.DLL
0x00007ffae1cc0000 - 0x00007ffae1d5d000 	C:\Program Files\Android\Android Studio\jre\bin\msvcp140.dll
0x00007ffac2a90000 - 0x00007ffac3565000 	C:\Program Files\Android\Android Studio\jre\bin\server\jvm.dll
0x00007ffb01e10000 - 0x00007ffb01ebe000 	C:\Windows\System32\ADVAPI32.dll
0x00007ffb01d60000 - 0x00007ffb01dfc000 	C:\Windows\System32\sechost.dll
0x00007ffb03020000 - 0x00007ffb03145000 	C:\Windows\System32\RPCRT4.dll
0x00007ffb01f70000 - 0x00007ffb01f78000 	C:\Windows\System32\PSAPI.DLL
0x00007ffaf9ca0000 - 0x00007ffaf9ca9000 	C:\Windows\SYSTEM32\WSOCK32.dll
0x00007ffb01f80000 - 0x00007ffb01feb000 	C:\Windows\System32\WS2_32.dll
0x00007ffaf5800000 - 0x00007ffaf5827000 	C:\Windows\SYSTEM32\WINMM.dll
0x00007ffaf0660000 - 0x00007ffaf066a000 	C:\Windows\SYSTEM32\VERSION.dll
0x00007ffaff340000 - 0x00007ffaff352000 	C:\Windows\SYSTEM32\kernel.appcore.dll
0x00007ffaf6b60000 - 0x00007ffaf6b71000 	C:\Program Files\Android\Android Studio\jre\bin\verify.dll
0x00007ffaff120000 - 0x00007ffaff304000 	C:\Windows\SYSTEM32\DBGHELP.DLL
0x00007ffae79f0000 - 0x00007ffae7a1c000 	C:\Windows\SYSTEM32\dbgcore.DLL
0x00007ffb00d90000 - 0x00007ffb00e12000 	C:\Windows\System32\bcryptPrimitives.dll
0x00007ffae1c90000 - 0x00007ffae1cb9000 	C:\Program Files\Android\Android Studio\jre\bin\java.dll
0x00007ffaf6b50000 - 0x00007ffaf6b5b000 	C:\Program Files\Android\Android Studio\jre\bin\jimage.dll
0x00007ffae1c70000 - 0x00007ffae1c88000 	C:\Program Files\Android\Android Studio\jre\bin\zip.dll
0x00007ffb01ff0000 - 0x00007ffb02734000 	C:\Windows\System32\SHELL32.dll
0x00007ffafe8c0000 - 0x00007ffaff054000 	C:\Windows\SYSTEM32\windows.storage.dll
0x00007ffb018e0000 - 0x00007ffb01c34000 	C:\Windows\System32\combase.dll
0x00007ffb00490000 - 0x00007ffb004bc000 	C:\Windows\SYSTEM32\Wldp.dll
0x00007ffb01ec0000 - 0x00007ffb01f6d000 	C:\Windows\System32\SHCORE.dll
0x00007ffb02fc0000 - 0x00007ffb03015000 	C:\Windows\System32\shlwapi.dll
0x00007ffb009d0000 - 0x00007ffb009ef000 	C:\Windows\SYSTEM32\profapi.dll
0x00007ffae1c50000 - 0x00007ffae1c6a000 	C:\Program Files\Android\Android Studio\jre\bin\net.dll
0x00007ffaeead0000 - 0x00007ffaeebda000 	C:\Windows\SYSTEM32\WINHTTP.dll
0x00007ffb001f0000 - 0x00007ffb0025a000 	C:\Windows\system32\mswsock.dll
0x00007ffae0900000 - 0x00007ffae0914000 	C:\Program Files\Android\Android Studio\jre\bin\nio.dll
0x00007ffae08d0000 - 0x00007ffae08f6000 	C:\Users\HP\.gradle\native\31\windows-amd64\native-platform.dll
0x00007ffaf6b40000 - 0x00007ffaf6b4a000 	C:\Program Files\Android\Android Studio\jre\bin\management.dll
0x00007ffaf6720000 - 0x00007ffaf672d000 	C:\Program Files\Android\Android Studio\jre\bin\management_ext.dll
0x00007ffb003e0000 - 0x00007ffb003f8000 	C:\Windows\SYSTEM32\CRYPTSP.dll
0x00007ffaffb70000 - 0x00007ffaffba4000 	C:\Windows\system32\rsaenh.dll
0x00007ffb00e90000 - 0x00007ffb00eb7000 	C:\Windows\System32\bcrypt.dll
0x00007ffb00950000 - 0x00007ffb0097e000 	C:\Windows\SYSTEM32\USERENV.dll
0x00007ffb00400000 - 0x00007ffb0040c000 	C:\Windows\SYSTEM32\CRYPTBASE.dll
0x00007ffaffee0000 - 0x00007ffafff1b000 	C:\Windows\SYSTEM32\IPHLPAPI.DLL
0x00007ffb02fb0000 - 0x00007ffb02fb8000 	C:\Windows\System32\NSI.dll
0x00007ffaefc20000 - 0x00007ffaefc37000 	C:\Windows\SYSTEM32\dhcpcsvc6.DLL
0x00007ffaefae0000 - 0x00007ffaefafd000 	C:\Windows\SYSTEM32\dhcpcsvc.DLL
0x00007ffafff20000 - 0x00007ffafffeb000 	C:\Windows\SYSTEM32\DNSAPI.dll

dbghelp: loaded successfully - version: 4.0.5 - missing functions: none
symbol engine: initialized successfully - sym options: 0x614 - pdb path: .;C:\Program Files\Android\Android Studio\jre\bin;C:\Windows\SYSTEM32;C:\Windows\WinSxS\amd64_microsoft.windows.common-controls_6595b64144ccf1df_6.0.19041.1110_none_60b5254171f9507e;C:\Program Files\Android\Android Studio\jre\bin\server;C:\Users\HP\.gradle\native\31\windows-amd64

VM Arguments:
jvm_args: --add-opens=java.base/java.util=ALL-UNNAMED --add-opens=java.base/java.lang=ALL-UNNAMED --add-opens=java.base/java.lang.invoke=ALL-UNNAMED --add-opens=java.prefs/java.util.prefs=ALL-UNNAMED -Xmx1536M -Dfile.encoding=windows-1252 -Duser.country=US -Duser.language=en -Duser.variant 
java_command: org.gradle.launcher.daemon.bootstrap.GradleDaemon 6.1.1
java_class_path (initial): C:\Users\HP\.gradle\wrapper\dists\gradle-6.1.1-all\cfmwm155h49vnt3hynmlrsdst\gradle-6.1.1\lib\gradle-launcher-6.1.1.jar
Launcher Type: SUN_STANDARD

[Global flags]
     intx CICompilerCount                          = 3                                         {product} {ergonomic}
     uint ConcGCThreads                            = 1                                         {product} {ergonomic}
     uint G1ConcRefinementThreads                  = 4                                         {product} {ergonomic}
   size_t G1HeapRegionSize                         = 1048576                                   {product} {ergonomic}
    uintx GCDrainStackTargetSize                   = 64                                        {product} {ergonomic}
   size_t InitialHeapSize                          = 134217728                                 {product} {ergonomic}
   size_t MarkStackSize                            = 4194304                                   {product} {ergonomic}
   size_t MaxHeapSize                              = 1610612736                                {product} {command line}
   size_t MaxNewSize                               = 965738496                                 {product} {ergonomic}
   size_t MinHeapDeltaBytes                        = 1048576                                   {product} {ergonomic}
    uintx NonNMethodCodeHeapSize                   = 5830732                                {pd product} {ergonomic}
    uintx NonProfiledCodeHeapSize                  = 122913754                              {pd product} {ergonomic}
    uintx ProfiledCodeHeapSize                     = 122913754                              {pd product} {ergonomic}
    uintx ReservedCodeCacheSize                    = 251658240                              {pd product} {ergonomic}
     bool SegmentedCodeCache                       = true                                      {product} {ergonomic}
     bool UseCompressedClassPointers               = true                                 {lp64_product} {ergonomic}
     bool UseCompressedOops                        = true                                 {lp64_product} {ergonomic}
     bool UseG1GC                                  = true                                      {product} {ergonomic}
     bool UseLargePagesIndividualAllocation        = false                                  {pd product} {ergonomic}

Logging:
Log output configuration:
 #0: stdout all=warning uptime,level,tags
 #1: stderr all=off uptime,level,tags

Environment Variables:
JAVA_HOME=C:\Program Files\Android\Android Studio\jre
CLASSPATH=C:\Proj\ITA-PLF\android\\gradle\wrapper\gradle-wrapper.jar
PATH=C:\Program Files (x86)\Common Files\Oracle\Java\javapath;C:\Windows\system32;C:\Windows;C:\Windows\System32\Wbem;C:\Windows\System32\WindowsPowerShell\v1.0\;C:\Windows\System32\OpenSSH\;C:\flutter\bin;C:\Program Files\Git\cmd;C:\Users\HP\AppData\Local\Microsoft\WindowsApps;C:\Users\HP\AppData\Local\Programs\Microsoft VS Code\bin;C:\Program Files\JetBrains\IntelliJ IDEA Community Edition 2021.3.2\bin;;C:\Users\HP\AppData\Local\GitHubDesktop\bin;C:\flutter\bin\mingit\cmd
USERNAME=HP
LANG=en_US.UTF-8
OS=Windows_NT
PROCESSOR_IDENTIFIER=Intel64 Family 6 Model 78 Stepping 3, GenuineIntel



---------------  S Y S T E M  ---------------

OS: Windows 10 , 64 bit Build 19041 (10.0.19041.1566)
OS uptime: 0 days 22:31 hours

CPU:total 4 (initial active 4) (2 cores per cpu, 2 threads per core) family 6 model 78 stepping 3 microcode 0xec, cmov, cx8, fxsr, mmx, sse, sse2, sse3, ssse3, sse4.1, sse4.2, popcnt, avx, avx2, aes, clmul, erms, rtm, 3dnowpref, lzcnt, ht, tsc, tscinvbit, bmi1, bmi2, adx, fma

Memory: 4k page, system-wide physical 8072M (406M free)
TotalPageFile size 25494M (AvailPageFile size 4M)
current process WorkingSet (physical memory assigned to process): 274M, peak: 285M
current process commit charge ("private bytes"): 327M, peak: 328M

vm_info: OpenJDK 64-Bit Server VM (11.0.11+9-b60-7590822) for windows-amd64 JRE (11.0.11+9-b60-7590822), built on Jul 29 2021 21:43:44 by "builder" with MS VC++ 14.0 (VS2015)

END.
